\BOOKMARK [0][]{chapter*.1}{\376\377\127\050\131\032\146\172\200\375\117\123\177\244\117\123\116\055\116\247\165\037\127\372\170\100\131\015\124\010\213\355\212\000}{}% 1
\BOOKMARK [1][-]{section.1.1}{\376\377\0001\000.\0001\000\040\144\130\211\201}{chapter*.1}% 2
\BOOKMARK [1][-]{section.1.2}{\376\377\0001\000.\0002\000\040\116\313\176\315}{chapter*.1}% 3
\BOOKMARK [1][-]{section.1.3}{\376\377\0001\000.\0003\000\040\166\370\121\163\135\345\117\134}{chapter*.1}% 4
\BOOKMARK [1][-]{section.1.4}{\376\377\0001\000.\0004\000\040\225\356\230\230\166\204\137\142\142\020}{chapter*.1}% 5
\BOOKMARK [1][-]{section.1.5}{\376\377\0001\000.\0005\000\040\127\372\170\100\220\032\117\341\163\257\130\203}{chapter*.1}% 6
\BOOKMARK [1][-]{section.1.6}{\376\377\0001\000.\0006\000\040\127\372\116\216\123\315\124\021\117\040\144\255\166\204\133\146\116\140\173\126\165\145}{chapter*.1}% 7
\BOOKMARK [1][-]{section.1.7}{\376\377\0001\000.\0007\000\040\171\273\145\143\220\032\117\341\124\214\000G\000u\000m\000b\000e\000l\000-\000S\000o\000f\000t\000m\000a\000x\117\060\213\241}{chapter*.1}% 8
\BOOKMARK [1][-]{section.1.8}{\376\377\0001\000.\0008\000\040\173\126\165\145\147\266\147\204}{chapter*.1}% 9
\BOOKMARK [1][-]{section.1.9}{\376\377\0001\000.\0009\000\040\217\205\122\251\230\204\155\113\131\126\122\261}{chapter*.1}% 10
\BOOKMARK [1][-]{section.1.10}{\376\377\0001\000.\0001\0000\000\040\176\304\124\010\124\214\213\315\154\107\131\047\134\017}{chapter*.1}% 11
\BOOKMARK [1][-]{section.1.11}{\376\377\0001\000.\0001\0001\000\040\133\236\232\214}{chapter*.1}% 12
\BOOKMARK [1][-]{section.1.12}{\376\377\0001\000.\0001\0002\000\040\213\355\154\325\176\323\147\204}{chapter*.1}% 13
\BOOKMARK [1][-]{section.1.13}{\376\377\0001\000.\0001\0003\000\040\173\046\123\367\213\315\154\107\165\050\154\325}{chapter*.1}% 14
\BOOKMARK [1][-]{section.1.14}{\376\377\0001\000.\0001\0004\000\040\133\371\116\015\123\357\211\301\166\204\221\115\177\156\166\204\143\250\136\177}{chapter*.1}% 15
\BOOKMARK [1][-]{section.1.15}{\376\377\0001\000.\0001\0005\000\040\227\136\213\355\212\000\116\244\155\101\124\214\121\166\116\326\173\126\165\145}{chapter*.1}% 16
\BOOKMARK [1][-]{section.1.16}{\376\377\0001\000.\0001\0006\000\040\140\073\176\323}{chapter*.1}% 17
\BOOKMARK [1][-]{section.1.17}{\376\377\0001\000.\0001\0007\000\040\201\364\214\042}{chapter*.1}% 18
\BOOKMARK [1][-]{section.1.18}{\376\377\0001\000.\0001\0008\000\040\123\302\200\003}{chapter*.1}% 19
\BOOKMARK [1][-]{section.1.19}{\376\377\0001\000.\0001\0009\000\040\226\104\137\125\377\032\162\151\164\006\162\266\140\001\124\214\122\250\140\001}{chapter*.1}% 20
